1529568845702	geckodriver	INFO	geckodriver 0.21.0
1529568845716	geckodriver	INFO	Listening on 127.0.0.1:57775
1529568846710	mozrunner::runner	INFO	Running command: "/Applications/Firefox.app/Contents/MacOS/firefox-bin" "-marionette" "-foreground" "-no-remote" "-profile" "/var/folders/jv/pdmkgz092k1fqvzjgv3mx5l40000gn/T/rust_mozprofile.GzY44hBZwG5f"
2018-06-21 11:14:09.038 plugin-container[19719:2193342] *** CFMessagePort: bootstrap_register(): failed 1100 (0x44c) 'Permission denied', port = 0x7e3f, name = 'com.apple.tsm.portname'
See /usr/include/servers/bootstrap_defs.h for the error codes.
1529568849866	Marionette	INFO	Listening on port 57782
1529568849983	Marionette	WARN	TLS certificate errors will be ignored for this session
2018-06-21 11:14:10.507 plugin-container[19720:2193429] *** CFMessagePort: bootstrap_register(): failed 1100 (0x44c) 'Permission denied', port = 0x8343, name = 'com.apple.tsm.portname'
See /usr/include/servers/bootstrap_defs.h for the error codes.
*** UTM:SVC TimerManager:registerTimer called after profile-before-change notification. Ignoring timer registration for id: telemetry_modules_ping
1529568863253	geckodriver	INFO	geckodriver 0.21.0
1529568863261	geckodriver	INFO	Listening on 127.0.0.1:57857
1529568864271	mozrunner::runner	INFO	Running command: "/Applications/Firefox.app/Contents/MacOS/firefox-bin" "-marionette" "-foreground" "-no-remote" "-profile" "/var/folders/jv/pdmkgz092k1fqvzjgv3mx5l40000gn/T/rust_mozprofile.XST1rP28LULF"
2018-06-21 11:14:25.857 plugin-container[19741:2193771] *** CFMessagePort: bootstrap_register(): failed 1100 (0x44c) 'Permission denied', port = 0x873b, name = 'com.apple.tsm.portname'
See /usr/include/servers/bootstrap_defs.h for the error codes.
1529568866623	Marionette	INFO	Listening on port 57864
1529568866725	Marionette	WARN	TLS certificate errors will be ignored for this session
2018-06-21 11:14:27.135 plugin-container[19742:2193860] *** CFMessagePort: bootstrap_register(): failed 1100 (0x44c) 'Permission denied', port = 0x7643, name = 'com.apple.tsm.portname'
See /usr/include/servers/bootstrap_defs.h for the error codes.
JavaScript error: https://alt.test/admin/product/create?productType=2&category=10, line 2681: TypeError: document.getElementById(...).querySelector(...) is null
*** UTM:SVC TimerManager:registerTimer called after profile-before-change notification. Ignoring timer registration for id: telemetry_modules_ping
1529568880685	geckodriver	INFO	geckodriver 0.21.0
1529568880694	geckodriver	INFO	Listening on 127.0.0.1:57930
1529568881700	mozrunner::runner	INFO	Running command: "/Applications/Firefox.app/Contents/MacOS/firefox-bin" "-marionette" "-foreground" "-no-remote" "-profile" "/var/folders/jv/pdmkgz092k1fqvzjgv3mx5l40000gn/T/rust_mozprofile.IiPWsmDCZ6Xr"
2018-06-21 11:14:43.529 plugin-container[19758:2194179] *** CFMessagePort: bootstrap_register(): failed 1100 (0x44c) 'Permission denied', port = 0x8b3b, name = 'com.apple.tsm.portname'
See /usr/include/servers/bootstrap_defs.h for the error codes.
1529568884146	Marionette	INFO	Listening on port 57937
1529568884154	Marionette	WARN	TLS certificate errors will be ignored for this session
2018-06-21 11:14:44.921 plugin-container[19760:2194263] *** CFMessagePort: bootstrap_register(): failed 1100 (0x44c) 'Permission denied', port = 0x6f03, name = 'com.apple.tsm.portname'
See /usr/include/servers/bootstrap_defs.h for the error codes.
1529568937418	geckodriver	INFO	geckodriver 0.21.0
1529568937428	geckodriver	INFO	Listening on 127.0.0.1:58022
1529568938450	mozrunner::runner	INFO	Running command: "/Applications/Firefox.app/Contents/MacOS/firefox-bin" "-marionette" "-foreground" "-no-remote" "-profile" "/var/folders/jv/pdmkgz092k1fqvzjgv3mx5l40000gn/T/rust_mozprofile.YnyhcgI17XBN"
1529568944703	geckodriver	INFO	geckodriver 0.21.0
1529568944712	geckodriver	INFO	Listening on 127.0.0.1:58030
1529568945723	mozrunner::runner	INFO	Running command: "/Applications/Firefox.app/Contents/MacOS/firefox-bin" "-marionette" "-foreground" "-no-remote" "-profile" "/var/folders/jv/pdmkgz092k1fqvzjgv3mx5l40000gn/T/rust_mozprofile.zL3IKbJDhEoM"
2018-06-21 11:15:47.593 plugin-container[19833:2195082] *** CFMessagePort: bootstrap_register(): failed 1100 (0x44c) 'Permission denied', port = 0x7743, name = 'com.apple.tsm.portname'
See /usr/include/servers/bootstrap_defs.h for the error codes.
1529568948154	Marionette	INFO	Listening on port 58037
1529568948175	Marionette	WARN	TLS certificate errors will be ignored for this session
1529568948393	addons.xpi	WARN	Exception running bootstrap method shutdown on activity-stream@mozilla.org: [Exception... "Component returned failure code: 0x80004005 (NS_ERROR_FAILURE) [nsIObserverService.removeObserver]"  nsresult: "0x80004005 (NS_ERROR_FAILURE)"  location: "JS frame :: resource://activity-stream/lib/SnippetsFeed.jsm :: uninit :: line 185"  data: no] Stack trace: uninit()@resource://activity-stream/lib/SnippetsFeed.jsm:185
onAction()@resource://activity-stream/lib/SnippetsFeed.jsm:201
_middleware/</<()@resource://activity-stream/lib/Store.jsm:49
Store/this[method]()@resource://activity-stream/lib/Store.jsm:28
uninit()@resource://activity-stream/lib/Store.jsm:151
uninit()@resource://activity-stream/lib/ActivityStream.jsm:300
uninit()@resource://gre/modules/addons/XPIProvider.jsm -> jar:file:///Applications/Firefox.app/Contents/Resources/browser/features/activity-stream@mozilla.org.xpi!/bootstrap.js:73
shutdown()@resource://gre/modules/addons/XPIProvider.jsm -> jar:file:///Applications/Firefox.app/Contents/Resources/browser/features/activity-stream@mozilla.org.xpi!/bootstrap.js:169
callBootstrapMethod()@resource://gre/modules/addons/XPIProvider.jsm:4436
observe()@resource://gre/modules/addons/XPIProvider.jsm:2287
goQuitApplication()@globalOverlay.js:56
oncommand()@hiddenWindow.xul:1
JavaScript error: resource://gre/modules/JSONFile.jsm, line 159: Error: Data is not ready.
JavaScript error: resource://gre/modules/JSONFile.jsm, line 159: Error: Data is not ready.
JavaScript error: resource://gre/modules/JSONFile.jsm, line 159: Error: Data is not ready.
JavaScript error: resource://pdf.js/PdfJs.jsm, line 247: NS_ERROR_XPC_JAVASCRIPT_ERROR_WITH_DETAILS: [JavaScript Error: "Data is not ready." {file: "resource://gre/modules/JSONFile.jsm" line: 159}]'[JavaScript Error: "Data is not ready." {file: "resource://gre/modules/JSONFile.jsm" line: 159}]' when calling method: [nsIHandlerService::store]
*** UTM:SVC TimerManager:registerTimer called after profile-before-change notification. Ignoring timer registration for id: telemetry_modules_ping
JavaScript error: resource://gre/modules/osfile/osfile_async_front.jsm, line 408: Error: OS.File has been shut down. Rejecting post to DirectoryIterator_prototype_close
JavaScript error: resource://gre/modules/ProfileAge.jsm, line 174: Error: Unable to fetch oldest profile entry: Error: OS.File has been shut down. Rejecting request to DirectoryIterator_prototype_next
JavaScript error: resource://gre/modules/osfile/osfile_async_front.jsm, line 408: Error: OS.File has been shut down. Rejecting post to DirectoryIterator_prototype_close
JavaScript error: resource://gre/modules/ProfileAge.jsm, line 174: Error: Unable to fetch oldest profile entry: Error: OS.File has been shut down. Rejecting post to DirectoryIterator_prototype_next
1529568950616	geckodriver	INFO	geckodriver 0.21.0
1529568950625	geckodriver	INFO	Listening on 127.0.0.1:58072
1529568951640	mozrunner::runner	INFO	Running command: "/Applications/Firefox.app/Contents/MacOS/firefox-bin" "-marionette" "-foreground" "-no-remote" "-profile" "/var/folders/jv/pdmkgz092k1fqvzjgv3mx5l40000gn/T/rust_mozprofile.TgtJE6n2qian"
[Parent 19840, Gecko_IOThread] WARNING: parent WaitForMessage() failed: 0x10004003 (ipc/rcv) timed out: file /builds/worker/workspace/build/src/ipc/glue/GeckoChildProcessHost.cpp, line 827
[Parent 19840, Gecko_IOThread] WARNING: Failed to launch tab subprocess: file /builds/worker/workspace/build/src/ipc/glue/GeckoChildProcessHost.cpp, line 557
[Parent 19840, Gecko_IOThread] WARNING: parent WaitForMessage() failed: 0x10004003 (ipc/rcv) timed out: file /builds/worker/workspace/build/src/ipc/glue/GeckoChildProcessHost.cpp, line 827
[Parent 19840, Gecko_IOThread] WARNING: Failed to launch tab subprocess: file /builds/worker/workspace/build/src/ipc/glue/GeckoChildProcessHost.cpp, line 557
JavaScript error: jar:file:///Applications/Firefox.app/Contents/Resources/omni.ja!/components/nsPrompter.js, line 340: NS_ERROR_NOT_AVAILABLE: Cannot call openModalWindow on a hidden window
JavaScript error: chrome://global/content/bindings/remote-browser.xml, line 391: NS_ERROR_UNEXPECTED: Component returned failure code: 0x8000ffff (NS_ERROR_UNEXPECTED) [nsIScriptSecurityManager.getLoadContextCodebasePrincipal]
1529568981858	geckodriver	INFO	geckodriver 0.21.0
1529568981867	geckodriver	INFO	Listening on 127.0.0.1:58339
1529568982897	mozrunner::runner	INFO	Running command: "/Applications/Firefox.app/Contents/MacOS/firefox-bin" "-marionette" "-foreground" "-no-remote" "-profile" "/var/folders/jv/pdmkgz092k1fqvzjgv3mx5l40000gn/T/rust_mozprofile.gfAjtirX8RxN"
1529568984245	geckodriver	INFO	geckodriver 0.21.0
1529568984254	geckodriver	INFO	Listening on 127.0.0.1:58347
1529568985263	mozrunner::runner	INFO	Running command: "/Applications/Firefox.app/Contents/MacOS/firefox-bin" "-marionette" "-foreground" "-no-remote" "-profile" "/var/folders/jv/pdmkgz092k1fqvzjgv3mx5l40000gn/T/rust_mozprofile.FQbz0Sl0pZ4P"
1529568986544	geckodriver	INFO	geckodriver 0.21.0
1529568986553	geckodriver	INFO	Listening on 127.0.0.1:58355
1529568987559	mozrunner::runner	INFO	Running command: "/Applications/Firefox.app/Contents/MacOS/firefox-bin" "-marionette" "-foreground" "-no-remote" "-profile" "/var/folders/jv/pdmkgz092k1fqvzjgv3mx5l40000gn/T/rust_mozprofile.D7YiJQ5al4VO"
1529569015465	geckodriver	INFO	geckodriver 0.21.0
1529569015473	geckodriver	INFO	Listening on 127.0.0.1:58378
1529569016488	mozrunner::runner	INFO	Running command: "/Applications/Firefox.app/Contents/MacOS/firefox-bin" "-marionette" "-foreground" "-no-remote" "-profile" "/var/folders/jv/pdmkgz092k1fqvzjgv3mx5l40000gn/T/rust_mozprofile.Q0u1oaauQmCo"
